<?xml version="1.0" encoding="UTF-8"?>
<!-- Generated by org.testng.reporters.JUnitXMLReporter -->
<testsuite ignored="1" hostname="MacBook-Pro.local" failures="1" tests="1" name="Params" time="0.049" errors="0" timestamp="2022-09-08T11:01:54 EEST">
  <testcase classname="TestDriver" name="Squere" time="0.015">
    <failure type="java.lang.AssertionError" message="expected [150.0] but found [0.0]">
      <![CDATA[java.lang.AssertionError: expected [150.0] but found [0.0]
at TestDriver.Squere(TestDriver.java:14)
at java.base/java.util.ArrayList.forEach(ArrayList.java:1510)
... Removed 31 stack frames]]>
    </failure>
  </testcase> <!-- Squere -->
  <testcase classname="TestDriver" name="Diff" time="0.0">
    <ignored/>
  </testcase> <!-- Diff -->
</testsuite> <!-- Params -->
