<?xml version="1.0" encoding="UTF-8"?>
<!-- Generated by org.testng.reporters.JUnitXMLReporter -->
<testsuite ignored="1" hostname="MacBook-Pro.local" failures="1" tests="1" name="Params2" time="0.011" errors="0" timestamp="2022-09-08T11:24:27 EEST">
  <testcase classname="TestDriver" name="Square" time="0.007">
    <failure type="java.lang.AssertionError" message="expected [6.0] but found [0.0]">
      <![CDATA[java.lang.AssertionError: expected [6.0] but found [0.0]
at TestDriver.Square(TestDriver.java:23)
at java.base/java.util.ArrayList.forEach(ArrayList.java:1510)
... Removed 31 stack frames]]>
    </failure>
  </testcase> <!-- Square -->
  <testcase classname="TestDriver" name="Rectangle" time="0.0">
    <ignored/>
  </testcase> <!-- Rectangle -->
</testsuite> <!-- Params2 -->
