<?xml version="1.0" encoding="UTF-8"?>
<!-- Generated by org.testng.reporters.JUnitXMLReporter -->
<testsuite ignored="7" hostname="MacBook-Pro.local" failures="1" tests="1" name="Rectangle2" time="0.01" errors="0" timestamp="2022-09-09T08:39:22 EEST">
  <testcase classname="TestDriver" name="Rectangle" time="0.007">
    <failure type="java.lang.AssertionError" message="expected [15.0] but found [0.0]">
      <![CDATA[java.lang.AssertionError: expected [15.0] but found [0.0]
at TestDriver.Rectangle(TestDriver.java:14)
at java.base/java.util.ArrayList.forEach(ArrayList.java:1510)
... Removed 31 stack frames]]>
    </failure>
  </testcase> <!-- Rectangle -->
  <testcase classname="TestDriver" name="Triangle" time="0.0">
    <ignored/>
  </testcase> <!-- Triangle -->
  <testcase classname="TestDriver" name="Sector" time="0.0">
    <ignored/>
  </testcase> <!-- Sector -->
  <testcase classname="TestDriver" name="Circle" time="0.0">
    <ignored/>
  </testcase> <!-- Circle -->
  <testcase classname="TestDriver" name="Square" time="0.0">
    <ignored/>
  </testcase> <!-- Square -->
  <testcase classname="TestDriver" name="Ellipse" time="0.0">
    <ignored/>
  </testcase> <!-- Ellipse -->
  <testcase classname="TestDriver" name="Trapezoid" time="0.0">
    <ignored/>
  </testcase> <!-- Trapezoid -->
  <testcase classname="TestDriver" name="Parallelogram" time="0.0">
    <ignored/>
  </testcase> <!-- Parallelogram -->
</testsuite> <!-- Rectangle2 -->
